# JRE version: OpenJDK Runtime Environment (7.0_55-b14) (build 1.7.0_55-b14)
# Java VM: OpenJDK Client VM (24.51-b03 mixed mode, sharing linux-x86 )
Heap
 def new generation   total 39296K, used 0K [0x4eb30000, 0x515d0000, 0x64080000)
  eden space 34944K,   0% used [0x4eb30000, 0x4eb30000, 0x50d50000)
  from space 4352K,   0% used [0x51190000, 0x51190000, 0x515d0000)
  to   space 4352K,   0% used [0x50d50000, 0x50d50000, 0x51190000)
 tenured generation   total 88704K, used 86844K [0x64080000, 0x69720000, 0x8eb30000)
   the space 88704K,  97% used [0x64080000, 0x6954f018, 0x6954f200, 0x69720000)
 compacting perm gen  total 12288K, used 8477K [0x8eb30000, 0x8f730000, 0x92b30000)
   the space 12288K,  68% used [0x8eb30000, 0x8f377600, 0x8f377600, 0x8f730000)
    ro space 10240K,  58% used [0x92b30000, 0x9310cc30, 0x9310ce00, 0x93530000)
    rw space 12288K,  59% used [0x93530000, 0x93c4d098, 0x93c4d200, 0x94130000)
GC Heap History (10 events):
Event: 15.825 GC heap after
Heap after GC invocations=16 (full 0):
 def new generation   total 39296K, used 1780K [0x4eb30000, 0x515d0000, 0x64080000)
  eden space 34944K,   0% used [0x4eb30000, 0x4eb30000, 0x50d50000)
  from space 4352K,  40% used [0x50d50000, 0x50f0d170, 0x51190000)
  to   space 4352K,   0% used [0x51190000, 0x51190000, 0x515d0000)
 tenured generation   total 87424K, used 58076K [0x64080000, 0x695e0000, 0x8eb30000)
   the space 87424K,  66% used [0x64080000, 0x679370a0, 0x67937200, 0x695e0000)
 compacting perm gen  total 12288K, used 7874K [0x8eb30000, 0x8f730000, 0x92b30000)
   the space 12288K,  64% used [0x8eb30000, 0x8f2e0848, 0x8f2e0a00, 0x8f730000)
    ro space 10240K,  58% used [0x92b30000, 0x9310cc30, 0x9310ce00, 0x93530000)
    rw space 12288K,  59% used [0x93530000, 0x93c4d098, 0x93c4d200, 0x94130000)
}
Event: 16.541 GC heap before
{Heap before GC invocations=16 (full 0):
 def new generation   total 39296K, used 36724K [0x4eb30000, 0x515d0000, 0x64080000)
  eden space 34944K, 100% used [0x4eb30000, 0x50d50000, 0x50d50000)
  from space 4352K,  40% used [0x50d50000, 0x50f0d170, 0x51190000)
  to   space 4352K,   0% used [0x51190000, 0x51190000, 0x515d0000)
 tenured generation   total 87424K, used 58076K [0x64080000, 0x695e0000, 0x8eb30000)
   the space 87424K,  66% used [0x64080000, 0x679370a0, 0x67937200, 0x695e0000)
 compacting perm gen  total 12288K, used 7934K [0x8eb30000, 0x8f730000, 0x92b30000)
   the space 12288K,  64% used [0x8eb30000, 0x8f2efb58, 0x8f2efc00, 0x8f730000)
    ro space 10240K,  58% used [0x92b30000, 0x9310cc30, 0x9310ce00, 0x93530000)
    rw space 12288K,  59% used [0x93530000, 0x93c4d098, 0x93c4d200, 0x94130000)
Event: 16.632 GC heap after
Heap after GC invocations=17 (full 0):
 def new generation   total 39296K, used 4352K [0x4eb30000, 0x515d0000, 0x64080000)
  eden space 34944K,   0% used [0x4eb30000, 0x4eb30000, 0x50d50000)
  from space 4352K, 100% used [0x51190000, 0x515d0000, 0x515d0000)
  to   space 4352K,   0% used [0x50d50000, 0x50d50000, 0x51190000)
 tenured generation   total 87424K, used 62935K [0x64080000, 0x695e0000, 0x8eb30000)
   the space 87424K,  71% used [0x64080000, 0x67df5c90, 0x67df5e00, 0x695e0000)
 compacting perm gen  total 12288K, used 7934K [0x8eb30000, 0x8f730000, 0x92b30000)
   the space 12288K,  64% used [0x8eb30000, 0x8f2efb58, 0x8f2efc00, 0x8f730000)
    ro space 10240K,  58% used [0x92b30000, 0x9310cc30, 0x9310ce00, 0x93530000)
    rw space 12288K,  59% used [0x93530000, 0x93c4d098, 0x93c4d200, 0x94130000)
}
Event: 17.260 GC heap before
{Heap before GC invocations=17 (full 0):
 def new generation   total 39296K, used 39296K [0x4eb30000, 0x515d0000, 0x64080000)
  eden space 34944K, 100% used [0x4eb30000, 0x50d50000, 0x50d50000)
  from space 4352K, 100% used [0x51190000, 0x515d0000, 0x515d0000)
  to   space 4352K,   0% used [0x50d50000, 0x50d50000, 0x51190000)
 tenured generation   total 87424K, used 62935K [0x64080000, 0x695e0000, 0x8eb30000)
   the space 87424K,  71% used [0x64080000, 0x67df5c90, 0x67df5e00, 0x695e0000)
 compacting perm gen  total 12288K, used 7956K [0x8eb30000, 0x8f730000, 0x92b30000)
   the space 12288K,  64% used [0x8eb30000, 0x8f2f5308, 0x8f2f5400, 0x8f730000)
    ro space 10240K,  58% used [0x92b30000, 0x9310cc30, 0x9310ce00, 0x93530000)
    rw space 12288K,  59% used [0x93530000, 0x93c4d098, 0x93c4d200, 0x94130000)
Event: 17.328 GC heap after
Heap after GC invocations=18 (full 0):
 def new generation   total 39296K, used 1327K [0x4eb30000, 0x515d0000, 0x64080000)
  eden space 34944K,   0% used [0x4eb30000, 0x4eb30000, 0x50d50000)
  from space 4352K,  30% used [0x50d50000, 0x50e9beb8, 0x51190000)
  to   space 4352K,   0% used [0x51190000, 0x51190000, 0x515d0000)
 tenured generation   total 87424K, used 67213K [0x64080000, 0x695e0000, 0x8eb30000)
   the space 87424K,  76% used [0x64080000, 0x68223698, 0x68223800, 0x695e0000)
 compacting perm gen  total 12288K, used 7956K [0x8eb30000, 0x8f730000, 0x92b30000)
   the space 12288K,  64% used [0x8eb30000, 0x8f2f5308, 0x8f2f5400, 0x8f730000)
    ro space 10240K,  58% used [0x92b30000, 0x9310cc30, 0x9310ce00, 0x93530000)
    rw space 12288K,  59% used [0x93530000, 0x93c4d098, 0x93c4d200, 0x94130000)
}
Event: 24.583 GC heap before
{Heap before GC invocations=18 (full 0):
 def new generation   total 39296K, used 36271K [0x4eb30000, 0x515d0000, 0x64080000)
  eden space 34944K, 100% used [0x4eb30000, 0x50d50000, 0x50d50000)
  from space 4352K,  30% used [0x50d50000, 0x50e9beb8, 0x51190000)
  to   space 4352K,   0% used [0x51190000, 0x51190000, 0x515d0000)
 tenured generation   total 87424K, used 67213K [0x64080000, 0x695e0000, 0x8eb30000)
   the space 87424K,  76% used [0x64080000, 0x68223698, 0x68223800, 0x695e0000)
 compacting perm gen  total 12288K, used 8015K [0x8eb30000, 0x8f730000, 0x92b30000)
   the space 12288K,  65% used [0x8eb30000, 0x8f303ff0, 0x8f304000, 0x8f730000)
    ro space 10240K,  58% used [0x92b30000, 0x9310cc30, 0x9310ce00, 0x93530000)
    rw space 12288K,  59% used [0x93530000, 0x93c4d098, 0x93c4d200, 0x94130000)
Event: 24.768 GC heap after
Heap after GC invocations=19 (full 0):
 def new generation   total 39296K, used 4352K [0x4eb30000, 0x515d0000, 0x64080000)
  eden space 34944K,   0% used [0x4eb30000, 0x4eb30000, 0x50d50000)
  from space 4352K, 100% used [0x51190000, 0x515d0000, 0x515d0000)
  to   space 4352K,   0% used [0x50d50000, 0x50d50000, 0x51190000)
 tenured generation   total 87424K, used 71954K [0x64080000, 0x695e0000, 0x8eb30000)
   the space 87424K,  82% used [0x64080000, 0x686c4908, 0x686c4a00, 0x695e0000)
 compacting perm gen  total 12288K, used 8015K [0x8eb30000, 0x8f730000, 0x92b30000)
   the space 12288K,  65% used [0x8eb30000, 0x8f303ff0, 0x8f304000, 0x8f730000)
    ro space 10240K,  58% used [0x92b30000, 0x9310cc30, 0x9310ce00, 0x93530000)
    rw space 12288K,  59% used [0x93530000, 0x93c4d098, 0x93c4d200, 0x94130000)
}
Event: 25.388 GC heap before
{Heap before GC invocations=19 (full 0):
 def new generation   total 39296K, used 39296K [0x4eb30000, 0x515d0000, 0x64080000)
  eden space 34944K, 100% used [0x4eb30000, 0x50d50000, 0x50d50000)
  from space 4352K, 100% used [0x51190000, 0x515d0000, 0x515d0000)
  to   space 4352K,   0% used [0x50d50000, 0x50d50000, 0x51190000)
 tenured generation   total 87424K, used 71954K [0x64080000, 0x695e0000, 0x8eb30000)
   the space 87424K,  82% used [0x64080000, 0x686c4908, 0x686c4a00, 0x695e0000)
 compacting perm gen  total 12288K, used 8463K [0x8eb30000, 0x8f730000, 0x92b30000)
   the space 12288K,  68% used [0x8eb30000, 0x8f373f10, 0x8f374000, 0x8f730000)
    ro space 10240K,  58% used [0x92b30000, 0x9310cc30, 0x9310ce00, 0x93530000)
    rw space 12288K,  59% used [0x93530000, 0x93c4d098, 0x93c4d200, 0x94130000)
Event: 25.616 GC heap after
Heap after GC invocations=20 (full 0):
 def new generation   total 39296K, used 4352K [0x4eb30000, 0x515d0000, 0x64080000)
  eden space 34944K,   0% used [0x4eb30000, 0x4eb30000, 0x50d50000)
  from space 4352K, 100% used [0x50d50000, 0x51190000, 0x51190000)
  to   space 4352K,   0% used [0x51190000, 0x51190000, 0x515d0000)
 tenured generation   total 87424K, used 83195K [0x64080000, 0x695e0000, 0x8eb30000)
   the space 87424K,  95% used [0x64080000, 0x691bee60, 0x691bf000, 0x695e0000)
 compacting perm gen  total 12288K, used 8463K [0x8eb30000, 0x8f730000, 0x92b30000)
   the space 12288K,  68% used [0x8eb30000, 0x8f373f10, 0x8f374000, 0x8f730000)
    ro space 10240K,  58% used [0x92b30000, 0x9310cc30, 0x9310ce00, 0x93530000)
    rw space 12288K,  59% used [0x93530000, 0x93c4d098, 0x93c4d200, 0x94130000)
}
Event: 26.003 GC heap before
{Heap before GC invocations=20 (full 0):
 def new generation   total 39296K, used 39296K [0x4eb30000, 0x515d0000, 0x64080000)
  eden space 34944K, 100% used [0x4eb30000, 0x50d50000, 0x50d50000)
  from space 4352K, 100% used [0x50d50000, 0x51190000, 0x51190000)
  to   space 4352K,   0% used [0x51190000, 0x51190000, 0x515d0000)
 tenured generation   total 87424K, used 83195K [0x64080000, 0x695e0000, 0x8eb30000)
   the space 87424K,  95% used [0x64080000, 0x691bee60, 0x691bf000, 0x695e0000)
 compacting perm gen  total 12288K, used 8477K [0x8eb30000, 0x8f730000, 0x92b30000)
   the space 12288K,  68% used [0x8eb30000, 0x8f377600, 0x8f377600, 0x8f730000)
    ro space 10240K,  58% used [0x92b30000, 0x9310cc30, 0x9310ce00, 0x93530000)
    rw space 12288K,  59% used [0x93530000, 0x93c4d098, 0x93c4d200, 0x94130000)

